{
  "RSpec": {
    "coverage": {
      "/app/app/models/client_quota.rb": {
        "lines": [
          null,
          null,
          null,
          null,
          null,
          null,
          1,
          1,
          1,
          null,
          1,
          1,
          null,
          null,
          null,
          null,
          null,
          null,
          null,
          null,
          null,
          null,
          1,
          57,
          null,
          null
        ]
      },
      "/app/app/models/application_record.rb": {
        "lines": [
          1,
          1,
          null
        ]
      },
      "/app/app/models/job.rb": {
        "lines": [
          null,
          null,
          null,
          null,
          null,
          null,
          null,
          null,
          null,
          null,
          null,
          null,
          1,
          null,
          null,
          1,
          1,
          1,
          1,
          null,
          null,
          null,
          1,
          1,
          1,
          1,
          1,
          1,
          1,
          null,
          null,
          null,
          86,
          40,
          20,
          1,
          29,
          null,
          null,
          24,
          null,
          null,
          16,
          null,
          null,
          null,
          null,
          null,
          null,
          null,
          null,
          1,
          26,
          3,
          null,
          null,
          null,
          null,
          null,
          1,
          4,
          null,
          null,
          1,
          6,
          null,
          null,
          1,
          19,
          null,
          null
        ]
      },
      "/app/app/services/concurrency_guard.rb": {
        "lines": [
          null,
          null,
          null,
          null,
          null,
          null,
          null,
          null,
          null,
          null,
          null,
          null,
          null,
          null,
          null,
          null,
          null,
          null,
          null,
          null,
          null,
          null,
          null,
          null,
          null,
          null,
          1,
          1,
          null,
          null,
          null,
          null,
          null,
          null,
          null,
          null,
          1,
          null,
          null,
          null,
          null,
          null,
          null,
          null,
          null,
          null,
          null,
          null,
          1,
          37,
          null,
          null,
          null,
          null,
          null,
          null,
          null,
          1,
          55,
          55,
          null,
          55,
          null,
          null,
          null,
          null,
          null,
          54,
          null,
          1,
          1,
          null,
          null,
          null,
          null,
          null,
          null,
          null,
          null,
          1,
          17,
          17,
          16,
          null,
          1,
          1,
          null,
          null,
          null,
          null,
          null,
          null,
          1,
          6,
          null,
          0,
          0,
          null,
          null,
          null,
          null,
          null,
          null,
          null,
          1,
          1,
          null,
          0,
          0,
          null,
          null,
          null,
          null,
          null,
          1,
          0,
          null,
          null,
          null,
          null,
          1,
          null,
          1,
          79,
          null,
          null
        ]
      },
      "/app/app/services/health_checker.rb": {
        "lines": [
          null,
          null,
          null,
          null,
          null,
          null,
          null,
          null,
          null,
          null,
          null,
          null,
          1,
          1,
          null,
          1,
          null,
          1,
          9,
          null,
          null,
          1,
          9,
          9,
          9,
          null,
          9,
          null,
          9,
          null,
          null,
          null,
          null,
          null,
          null,
          null,
          null,
          null,
          null,
          null,
          1,
          null,
          1,
          9,
          9,
          9,
          null,
          9,
          null,
          0,
          null,
          null,
          1,
          9,
          9,
          9,
          7,
          null,
          7,
          null,
          2,
          null,
          9,
          null,
          null,
          1,
          9,
          null,
          9,
          9,
          null,
          9,
          null,
          null,
          9,
          null,
          null,
          null,
          null,
          null,
          0,
          null,
          null,
          1,
          null,
          9,
          null,
          null,
          null,
          null,
          null,
          null,
          0,
          null,
          null
        ]
      },
      "/app/app/services/heartbeat_monitor.rb": {
        "lines": [
          null,
          null,
          null,
          null,
          null,
          null,
          null,
          null,
          null,
          null,
          null,
          null,
          null,
          null,
          null,
          null,
          null,
          null,
          null,
          null,
          null,
          null,
          null,
          1,
          1,
          null,
          1,
          7,
          7,
          null,
          null,
          null,
          null,
          null,
          1,
          8,
          null,
          8,
          7,
          5,
          5,
          null,
          null,
          null,
          null,
          8,
          8,
          null,
          null,
          1,
          null,
          null,
          null,
          null,
          null,
          null,
          null,
          null,
          null,
          1,
          7,
          7,
          null,
          null,
          null,
          1,
          1,
          null,
          null,
          null,
          null,
          null,
          null,
          null,
          1,
          5,
          null,
          5,
          null,
          0,
          0,
          null,
          null,
          null,
          5,
          null,
          5,
          null,
          null,
          5,
          5,
          null,
          5,
          null,
          null
        ]
      },
      "/app/app/services/job_executor.rb": {
        "lines": [
          null,
          null,
          null,
          null,
          null,
          null,
          null,
          null,
          null,
          null,
          null,
          null,
          null,
          null,
          null,
          1,
          1,
          1,
          1,
          null,
          1,
          9,
          9,
          null,
          null,
          null,
          null,
          null,
          null,
          1,
          9,
          null,
          9,
          1,
          1,
          null,
          null,
          null,
          8,
          1,
          1,
          null,
          null,
          7,
          null,
          null,
          7,
          4,
          3,
          3,
          null,
          7,
          7,
          7,
          null,
          null,
          null,
          1,
          null,
          null,
          null,
          1,
          7,
          null,
          null,
          7,
          4,
          null,
          4,
          null,
          null,
          null,
          null,
          1,
          7,
          0,
          0,
          3,
          4,
          null,
          null,
          0,
          null,
          null,
          null,
          1,
          4,
          4,
          null,
          4,
          4,
          null,
          null,
          0,
          null,
          null,
          null,
          1,
          3,
          3,
          null,
          3,
          3,
          null,
          3,
          null,
          0,
          null,
          null,
          null,
          null,
          null,
          null,
          null,
          1,
          null,
          7,
          null,
          7,
          7,
          7,
          0,
          null,
          0,
          null,
          null,
          null,
          null,
          1,
          7,
          null,
          7,
          7,
          null,
          null,
          null,
          null,
          null,
          1,
          7,
          7,
          null,
          0,
          null,
          null,
          1,
          7,
          null,
          null,
          null,
          null,
          1,
          14,
          null,
          null
        ]
      },
      "/app/app/services/job_state_machine.rb": {
        "lines": [
          null,
          null,
          null,
          null,
          null,
          null,
          null,
          null,
          null,
          null,
          null,
          null,
          null,
          null,
          null,
          null,
          null,
          null,
          null,
          1,
          null,
          null,
          1,
          null,
          null,
          null,
          null,
          null,
          null,
          1,
          1,
          1,
          null,
          null,
          1,
          null,
          null,
          null,
          null,
          null,
          null,
          null,
          null,
          null,
          1,
          43,
          null,
          43,
          8,
          null,
          null,
          null,
          null,
          null,
          35,
          35,
          null,
          null,
          null,
          null,
          null,
          35,
          null,
          null,
          null,
          null,
          null,
          null,
          null,
          35,
          33,
          33,
          null,
          2,
          null,
          null,
          null,
          null,
          null,
          null,
          0,
          null,
          null,
          null,
          null,
          null,
          null,
          null,
          1,
          54,
          null,
          null,
          1,
          null,
          null,
          1,
          35,
          null,
          15,
          null,
          15,
          null,
          null,
          5,
          null,
          0,
          null,
          null,
          null,
          null
        ]
      },
      "/app/app/services/job_submission_service.rb": {
        "lines": [
          null,
          null,
          null,
          null,
          null,
          null,
          null,
          null,
          null,
          null,
          1,
          1,
          1,
          1,
          null,
          null,
          null,
          null,
          null,
          null,
          null,
          null,
          null,
          1,
          21,
          null,
          null,
          null,
          null,
          null,
          null,
          null,
          1,
          null,
          null,
          21,
          null,
          2,
          null,
          null,
          null,
          19,
          4,
          4,
          2,
          null,
          null,
          null,
          null,
          17,
          null,
          null,
          null,
          null,
          null,
          null,
          null,
          null,
          17,
          null,
          null,
          null,
          13,
          13,
          null,
          4,
          null,
          null,
          null,
          0,
          0,
          0,
          null,
          0,
          null,
          null,
          null
        ]
      },
      "/app/app/services/retry_handler.rb": {
        "lines": [
          null,
          null,
          null,
          null,
          null,
          null,
          null,
          null,
          null,
          null,
          null,
          null,
          null,
          null,
          null,
          null,
          1,
          1,
          1,
          1,
          null,
          1,
          null,
          null,
          null,
          null,
          null,
          null,
          null,
          1,
          5,
          null,
          5,
          1,
          1,
          null,
          null,
          4,
          1,
          1,
          null,
          null,
          3,
          3,
          null,
          3,
          null,
          null,
          null,
          null,
          null,
          null,
          null,
          3,
          3,
          null,
          null,
          null,
          3,
          null,
          0,
          0,
          null,
          null,
          null,
          null,
          null,
          null,
          null,
          1,
          109,
          109,
          109,
          null,
          null,
          null
        ]
      },
      "/app/app/services/scheduler.rb": {
        "lines": [
          null,
          null,
          null,
          null,
          null,
          null,
          null,
          null,
          null,
          null,
          null,
          null,
          null,
          null,
          null,
          null,
          null,
          null,
          null,
          null,
          null,
          null,
          null,
          null,
          null,
          1,
          null,
          1,
          1,
          null,
          null,
          1,
          null,
          1,
          7,
          7,
          null,
          null,
          null,
          null,
          null,
          null,
          1,
          7,
          null,
          null,
          7,
          7,
          null,
          null,
          6,
          7,
          7,
          7,
          null,
          null,
          null,
          null,
          13,
          null,
          6,
          7,
          null,
          7,
          14,
          14,
          null,
          12,
          11,
          11,
          null,
          null,
          1,
          null,
          null,
          null,
          null,
          null,
          13,
          null,
          6,
          6,
          null,
          null,
          1,
          null,
          null,
          null,
          null,
          null,
          1,
          14,
          null,
          null,
          null,
          null,
          null,
          null,
          null,
          null,
          null,
          1,
          null,
          12,
          0,
          0,
          null,
          null,
          null,
          12,
          null,
          12,
          null,
          null,
          1,
          1,
          1,
          null,
          null,
          null,
          11,
          11,
          11,
          null,
          null,
          0,
          0,
          0,
          null,
          null
        ]
      },
      "/app/app/workers/scheduler_worker.rb": {
        "lines": [
          null,
          null,
          null,
          null,
          null,
          null,
          null,
          null,
          null,
          null,
          null,
          null,
          null,
          1,
          1,
          null,
          1,
          null,
          1,
          0,
          0,
          null,
          0,
          null,
          null
        ]
      },
      "/app/app/controllers/jobs_controller.rb": {
        "lines": [
          null,
          null,
          null,
          null,
          null,
          null,
          null,
          null,
          null,
          null,
          null,
          1,
          null,
          1,
          10,
          null,
          null,
          null,
          null,
          null,
          null,
          10,
          7,
          null,
          3,
          null,
          null,
          null,
          null,
          1,
          2,
          null,
          2,
          1,
          null,
          1,
          null,
          null,
          null,
          1,
          null,
          1,
          40,
          null,
          null,
          1,
          null,
          8,
          null,
          null,
          null,
          null,
          null,
          null,
          null,
          null,
          null,
          null,
          null,
          null,
          null
        ]
      },
      "/app/app/controllers/application_controller.rb": {
        "lines": [
          null,
          null,
          1,
          null,
          1,
          0,
          null,
          null,
          1,
          0,
          null,
          null,
          1,
          0,
          0,
          null,
          null
        ]
      },
      "/app/app/controllers/health_controller.rb": {
        "lines": [
          null,
          null,
          null,
          null,
          null,
          null,
          null,
          null,
          1,
          null,
          1,
          4,
          null,
          4,
          null,
          4,
          4,
          null,
          null,
          null,
          null,
          null
        ]
      },
      "/app/app/workers/job_executor_worker.rb": {
        "lines": [
          null,
          null,
          null,
          null,
          null,
          null,
          null,
          null,
          null,
          1,
          1,
          null,
          null,
          null,
          1,
          null,
          1,
          0,
          0,
          null,
          null
        ]
      },
      "/app/app/jobs/application_job.rb": {
        "lines": [
          0,
          null,
          null,
          null,
          null,
          null,
          0
        ],
        "branches": {}
      },
      "/app/app/workers/stall_monitor_worker.rb": {
        "lines": [
          null,
          null,
          null,
          null,
          null,
          null,
          null,
          0,
          0,
          null,
          0,
          null,
          0,
          0,
          0,
          0,
          0,
          0,
          0
        ],
        "branches": {}
      }
    },
    "timestamp": 1783323292
  }
}
